0 info it worked if it ends with ok
1 verbose cli [ '/usr/local/bin/node',
1 verbose cli   '/usr/local/bin/npm',
1 verbose cli   'run',
1 verbose cli   'babel-node',
1 verbose cli   'index.js' ]
2 info using npm@2.14.2
3 info using node@v4.0.0
4 verbose run-script [ 'prebabel-node', 'babel-node', 'postbabel-node' ]
5 info prebabel-node express-guestbook@
6 info babel-node express-guestbook@
7 verbose unsafe-perm in lifecycle true
8 info express-guestbook@ Failed to exec babel-node script
9 verbose stack Error: express-guestbook@ babel-node: `babel-node "index.js"`
9 verbose stack Exit status 1
9 verbose stack     at EventEmitter.<anonymous> (/usr/local/lib/node_modules/npm/lib/utils/lifecycle.js:214:16)
9 verbose stack     at emitTwo (events.js:87:13)
9 verbose stack     at EventEmitter.emit (events.js:172:7)
9 verbose stack     at ChildProcess.<anonymous> (/usr/local/lib/node_modules/npm/lib/utils/spawn.js:24:14)
9 verbose stack     at emitTwo (events.js:87:13)
9 verbose stack     at ChildProcess.emit (events.js:172:7)
9 verbose stack     at maybeClose (internal/child_process.js:817:16)
9 verbose stack     at Process.ChildProcess._handle.onexit (internal/child_process.js:211:5)
10 verbose pkgid express-guestbook@
11 verbose cwd /Users/maxwellantonucci/Documents/express-skeleton
12 error Darwin 16.4.0
13 error argv "/usr/local/bin/node" "/usr/local/bin/npm" "run" "babel-node" "index.js"
14 error node v4.0.0
15 error npm  v2.14.2
16 error code ELIFECYCLE
17 error express-guestbook@ babel-node: `babel-node "index.js"`
17 error Exit status 1
18 error Failed at the express-guestbook@ babel-node script 'babel-node "index.js"'.
18 error This is most likely a problem with the express-guestbook package,
18 error not with npm itself.
18 error Tell the author that this fails on your system:
18 error     babel-node "index.js"
18 error You can get their info via:
18 error     npm owner ls express-guestbook
18 error There is likely additional logging output above.
19 verbose exit [ 1, true ]
